<?xml version="1.0" encoding="UTF-8"?>
<!-- Generated by org.testng.reporters.JUnitReportReporter -->
<testsuite hostname="DESKTOP-CVL2K4K" failures="0" tests="5" name="apiLearning.apiAssured" time="3.173" errors="0" timestamp="2025-02-11T11:39:41 IST" skipped="4">
  <testcase classname="apiLearning.apiAssured" name="aappii" time="3.173"/>
  <testcase classname="apiLearning.apiAssured" name="Post">
    <skipped/>
  </testcase> <!-- Post -->
  <testcase classname="apiLearning.apiAssured" name="samplegetExample">
    <skipped/>
  </testcase> <!-- samplegetExample -->
  <testcase classname="apiLearning.apiAssured" name="Delete">
    <skipped/>
  </testcase> <!-- Delete -->
  <testcase classname="apiLearning.apiAssured" name="put">
    <skipped/>
  </testcase> <!-- put -->
</testsuite> <!-- apiLearning.apiAssured -->
